<?xml version="1.0" encoding="UTF-8"?>
<!-- Generated by org.testng.reporters.JUnitReportReporter -->
<testsuite hostname="macs-air" failures="0" tests="1" name="RestAssureAPITest.APITest.PostNewUser" time="3.689" errors="0" timestamp="2020-11-13T11:18:12 EST" skipped="0">
  <testcase classname="RestAssureAPITest.APITest.PostNewUser" name="postTest" time="3.689"/>
  <system-out/>
</testsuite> <!-- RestAssureAPITest.APITest.PostNewUser -->
