<?xml version="1.0" encoding="UTF-8"?>
<!-- Generated by org.testng.reporters.JUnitReportReporter -->
<testsuite hostname="192.168.1.17" failures="0" tests="1" name="RestAssureAPITest.APITest.Weather_Api_Tests" time="4.609" errors="0" timestamp="2020-11-12T11:39:31 EST" skipped="0">
  <testcase classname="RestAssureAPITest.APITest.Weather_Api_Tests" name="getCityWeather" time="4.609"/>
  <system-out/>
</testsuite> <!-- RestAssureAPITest.APITest.Weather_Api_Tests -->
