<?xml version="1.0" encoding="UTF-8"?>
<!-- Generated by org.testng.reporters.JUnitReportReporter -->
<testsuite hostname="macs-air" failures="0" tests="1" name="Post_Test_With_POJO_format.PostAPIUsingPojo" time="5.984" errors="0" timestamp="2020-11-30T22:20:31 EST" skipped="0">
  <testcase classname="Post_Test_With_POJO_format.PostAPIUsingPojo" name="postANewUserTest" time="5.984"/>
  <system-out/>
</testsuite> <!-- Post_Test_With_POJO_format.PostAPIUsingPojo -->
