<?xml version="1.0" encoding="UTF-8"?>
<!-- Generated by org.testng.reporters.JUnitReportReporter -->
<testsuite hostname="192.168.1.17" failures="0" tests="4" name="RestAssureAPITest.APITest.API_tests_In_TestNG" time="0.761" errors="0" timestamp="2020-11-11T15:14:35 EST" skipped="3">
  <testcase classname="RestAssureAPITest.APITest.API_tests_In_TestNG" name="theFirstPostTest" time="0.761"/>
  <system-out/>
  <testcase classname="RestAssureAPITest.APITest.API_tests_In_TestNG" name="verifyBodyHasValue">
    <skipped/>
  </testcase> <!-- verifyBodyHasValue -->
  <system-out/>
  <testcase classname="RestAssureAPITest.APITest.API_tests_In_TestNG" name="test">
    <skipped/>
  </testcase> <!-- test -->
  <system-out/>
  <testcase classname="RestAssureAPITest.APITest.API_tests_In_TestNG" name="checkBody">
    <skipped/>
  </testcase> <!-- checkBody -->
  <system-out/>
</testsuite> <!-- RestAssureAPITest.APITest.API_tests_In_TestNG -->
