<?xml version="1.0" encoding="UTF-8"?>
<!-- Generated by org.testng.reporters.JUnitReportReporter -->
<testsuite hostname="macs-air" failures="0" tests="1" name="RestAssureAPITest.APITest.demo_api_testing" time="5.229" errors="0" timestamp="2020-12-09T17:41:44 EST" skipped="0">
  <testcase classname="RestAssureAPITest.APITest.demo_api_testing" name="testResponseList" time="5.229"/>
  <system-out/>
</testsuite> <!-- RestAssureAPITest.APITest.demo_api_testing -->
