<?xml version="1.0" encoding="UTF-8"?>
<!-- Generated by org.testng.reporters.JUnitReportReporter -->
<testsuite hostname="macs-air" failures="0" tests="2" name="RestAssureAPITest.APITest.PutDemo" time="4.025" errors="0" timestamp="2020-11-13T12:30:09 EST" skipped="1">
  <testcase classname="RestAssureAPITest.APITest.PutDemo" name="updateEmployInfo" time="4.025"/>
  <system-out/>
  <testcase classname="RestAssureAPITest.APITest.PutDemo" name="deleteTest">
    <skipped/>
  </testcase> <!-- deleteTest -->
  <system-out/>
</testsuite> <!-- RestAssureAPITest.APITest.PutDemo -->
